Library/Bee/Android/Prj/Mono2x/Gradle/unityLibrary/mobilenotifications.androidlib/build/outputs/mapping/release/mapping.txt
# compiler: R8
# compiler_version: 3.1.66
# pg_map_id: 11bda3e
# common_typos_disable
# {"id":"com.android.tools.r8.mapping","version":"1.0"}
...
com.unity.androidnotifications.UnityNotificationManager -> com.unity.androidnotifications.UnityNotificationManager:
    android.content.Context mContext -> a
    java.util.concurrent.ConcurrentHashMap mScheduledNotifications -> g
    com.unity.androidnotifications.UnityNotificationBackgroundThread mBackgroundThread -> d
    java.util.Random mRandom -> e
    int mExactSchedulingSetting -> i
    com.unity.androidnotifications.UnityNotificationManager mUnityNotificationManager -> j
    java.util.HashSet mVisibleNotifications -> f
    com.unity.androidnotifications.NotificationCallback mNotificationCallback -> h
    android.app.Activity mActivity -> b
    java.lang.Class mOpenActivity -> c
    1:1:android.app.PendingIntent getActivityPendingIntent(int,android.content.Intent,int):0:0 -> a
    1:1:android.app.Notification buildNotificationForSending(java.lang.Class,android.app.Notification$Builder):0 -> a
    2:2:android.app.Notification buildNotificationForSending(java.lang.Class,android.app.Notification$Builder):0:0 -> a
    3:3:void finalizeNotificationForDisplay(android.app.Notification$Builder):0:0 -> a
    3:3:android.app.Notification buildNotificationForSending(java.lang.Class,android.app.Notification$Builder):0 -> a
    4:4:void setupBigPictureStyle(android.app.Notification$Builder):0:0 -> a
    4:4:void finalizeNotificationForDisplay(android.app.Notification$Builder):0 -> a
com.unity.androidnotifications.UnityNotificationRestartReceiver -> com.unity.androidnotifications.UnityNotificationRestartReceiver:
    1:1:void rescheduleSavedNotifications(android.content.Context):0:0 -> a
    1:1:void lambda$onReceive$0(android.content.Context):0 -> a
    2:2:boolean rescheduleNotification(com.unity.androidnotifications.UnityNotificationManager,java.util.Date,android.app.Notification$Builder):0:0 -> a
    2:2:void rescheduleSavedNotifications(android.content.Context):0 -> a
    2:2:void lambda$onReceive$0(android.content.Context):0 -> a
    3:3:void com.unity.androidnotifications.UnityNotificationManager.scheduleAlarmWithNotification(android.app.Notification$Builder):0:0 -> a
    3:3:boolean rescheduleNotification(com.unity.androidnotifications.UnityNotificationManager,java.util.Date,android.app.Notification$Builder):0 -> a
    3:3:void rescheduleSavedNotifications(android.content.Context):0 -> a
    3:3:void lambda$onReceive$0(android.content.Context):0 -> a
    4:4:boolean rescheduleNotification(com.unity.androidnotifications.UnityNotificationManager,java.util.Date,android.app.Notification$Builder):0:0 -> a
    4:4:void rescheduleSavedNotifications(android.content.Context):0 -> a
    4:4:void lambda$onReceive$0(android.content.Context):0 -> a