Library/Bee/Android/Prj/Mono2x/Gradle/unityLibrary/mobilenotifications.androidlib/build/outputs/mapping/release/usage.txt
com.unity3d.player.h
com.unity3d.player.i
com.unity3d.player.j
com.unity3d.player.k
com.unity3d.player.l
com.unity3d.player.m
com.unity3d.player.n
com.unity3d.player.o
com.unity3d.player.p
com.unity3d.player.q
com.unity3d.player.r
com.unity3d.player.s
com.unity3d.player.t
com.unity3d.player.v
com.unity3d.player.w
com.unity3d.player.x
com.unity3d.player.y
com.unity3d.player.z:
    protected com.unity3d.player.UnityPlayer b
    protected boolean d
    protected boolean e
    protected com.unity3d.player.A f
    public void <init>(android.content.Context,com.unity3d.player.UnityPlayer)
    public java.lang.String a()
    public void a(java.lang.String,int,boolean,boolean,boolean,boolean,java.lang.String,int,boolean,boolean)
    public void a(java.lang.String,boolean)
    public void afterTextChanged(android.text.Editable)
    public abstract void b()
    public void beforeTextChanged(java.lang.CharSequence,int,int,int)
    public boolean c()
    protected abstract android.widget.EditText createEditText(com.unity3d.player.z)
    public abstract void d()
    public void onTextChanged(java.lang.CharSequence,int,int,int)
    protected void setupTextInput(java.lang.String,int,boolean,boolean,boolean,boolean,java.lang.String,int)
org.fmod.FMODAudioDevice
org.fmod.a
com.unity.androidnotifications.NotificationChannelWrapper:
    public boolean canBypassDnd
    public boolean canShowBadge
    public java.lang.String description
    public boolean enableLights
    public boolean enableVibration
    public java.lang.String name
com.unity.androidnotifications.UnityNotificationBackgroundThread$CancelAllNotificationsTask:
    public synthetic void <init>(com.unity.androidnotifications.UnityNotificationBackgroundThread$1)
com.unity.androidnotifications.UnityNotificationBackgroundThread:
    public static void access$100(com.unity.androidnotifications.UnityNotificationBackgroundThread,java.util.Set)
    public void enqueueCancelAllNotifications()
    public void enqueueCancelNotification(int)
    public final void enqueueHousekeeping()
    public void enqueueNotification(int,android.app.Notification$Builder,boolean,boolean)
    public final boolean executeTask(com.unity.androidnotifications.UnityNotificationManager,com.unity.androidnotifications.UnityNotificationBackgroundThread$Task,java.util.concurrent.ConcurrentHashMap)
    public final void performHousekeeping(java.util.Set)
com.unity.androidnotifications.UnityNotificationManager:
    public final void finalizeNotificationForDisplay(android.app.Notification$Builder)
    public final java.util.Set findInvalidNotificationIds(java.util.Set)
    public final int generateUniqueId()
    public final android.app.PendingIntent getActivityPendingIntent(int,android.content.Intent,int)
    public final android.os.Bundle getAppMetadata()
    public final java.lang.Object getNotificationOrBuilderForIntent(android.content.Intent)
    public final synchronized java.util.Set getScheduledNotificationIDs()
    public final void initialize(android.app.Activity,com.unity.androidnotifications.NotificationCallback)
    public static boolean isInForeground()
    public final android.graphics.Bitmap loadBitmap(java.lang.String)
    public void performNotificationHousekeeping(java.util.Set)
    public synchronized void saveNotification(android.app.Notification,boolean)
    public synchronized void saveScheduledNotificationIDs(java.util.Set)
    public void scheduleAlarmWithNotification(android.app.Notification$Builder)
    public final void scheduleNotificationIntentAlarm(long,long,android.app.PendingIntent)
    public final void setupBigPictureStyle(android.app.Notification$Builder)
com.unity.androidnotifications.UnityNotificationRestartReceiver:
    public static boolean rescheduleNotification(com.unity.androidnotifications.UnityNotificationManager,java.util.Date,android.app.Notification$Builder)
    public static void rescheduleSavedNotifications(android.content.Context)